0 info it worked if it ends with ok
1 verbose cli [ '/home/adithya/.nvm/versions/node/v6.11.2/bin/node',
1 verbose cli   '/home/adithya/.nvm/versions/node/v6.11.2/bin/npm',
1 verbose cli   'run',
1 verbose cli   'start' ]
2 info using npm@3.10.10
3 info using node@v6.11.2
4 verbose run-script [ 'prestart', 'start', 'poststart' ]
5 info lifecycle frontend@0.1.0~prestart: frontend@0.1.0
6 silly lifecycle frontend@0.1.0~prestart: no script for prestart, continuing
7 info lifecycle frontend@0.1.0~start: frontend@0.1.0
8 verbose lifecycle frontend@0.1.0~start: unsafe-perm in lifecycle true
9 verbose lifecycle frontend@0.1.0~start: PATH: /home/adithya/.nvm/versions/node/v6.11.2/lib/node_modules/npm/bin/node-gyp-bin:/home/adithya/Desktop/automations_technical_assessment/integrations_technical_assessment/frontend/node_modules/.bin:/home/adithya/.pyenv/plugins/pyenv-virtualenv/shims:/home/adithya/.pyenv/shims:/home/adithya/.pyenv/bin:/home/adithya/.nvm/versions/node/v6.11.2/bin:/home/adithya/.local/bin:/usr/local/sbin:/usr/local/bin:/usr/sbin:/usr/bin:/sbin:/bin:/usr/games:/usr/local/games:/snap/bin:/snap/bin
10 verbose lifecycle frontend@0.1.0~start: CWD: /home/adithya/Desktop/automations_technical_assessment/integrations_technical_assessment/frontend
11 silly lifecycle frontend@0.1.0~start: Args: [ '-c', 'react-scripts start' ]
12 silly lifecycle frontend@0.1.0~start: Returned: code: 1  signal: null
13 info lifecycle frontend@0.1.0~start: Failed to exec start script
14 verbose stack Error: frontend@0.1.0 start: `react-scripts start`
14 verbose stack Exit status 1
14 verbose stack     at EventEmitter.<anonymous> (/home/adithya/.nvm/versions/node/v6.11.2/lib/node_modules/npm/lib/utils/lifecycle.js:255:16)
14 verbose stack     at emitTwo (events.js:106:13)
14 verbose stack     at EventEmitter.emit (events.js:191:7)
14 verbose stack     at ChildProcess.<anonymous> (/home/adithya/.nvm/versions/node/v6.11.2/lib/node_modules/npm/lib/utils/spawn.js:40:14)
14 verbose stack     at emitTwo (events.js:106:13)
14 verbose stack     at ChildProcess.emit (events.js:191:7)
14 verbose stack     at maybeClose (internal/child_process.js:891:16)
14 verbose stack     at Process.ChildProcess._handle.onexit (internal/child_process.js:226:5)
15 verbose pkgid frontend@0.1.0
16 verbose cwd /home/adithya/Desktop/automations_technical_assessment/integrations_technical_assessment/frontend
17 error Linux 6.8.0-83-generic
18 error argv "/home/adithya/.nvm/versions/node/v6.11.2/bin/node" "/home/adithya/.nvm/versions/node/v6.11.2/bin/npm" "run" "start"
19 error node v6.11.2
20 error npm  v3.10.10
21 error code ELIFECYCLE
22 error frontend@0.1.0 start: `react-scripts start`
22 error Exit status 1
23 error Failed at the frontend@0.1.0 start script 'react-scripts start'.
23 error Make sure you have the latest version of node.js and npm installed.
23 error If you do, this is most likely a problem with the frontend package,
23 error not with npm itself.
23 error Tell the author that this fails on your system:
23 error     react-scripts start
23 error You can get information on how to open an issue for this project with:
23 error     npm bugs frontend
23 error Or if that isn't available, you can get their info via:
23 error     npm owner ls frontend
23 error There is likely additional logging output above.
24 verbose exit [ 1, true ]
